SF:lib\main.dart
DA:5,0
DA:6,0
DA:7,0
DA:12,2
DA:15,1
DA:17,1
DA:19,2
DA:20,1
DA:27,1
LF:9
LH:6
end_of_record
SF:lib\ui\home_screen.dart
DA:7,1
DA:9,1
DA:10,1
DA:19,1
DA:21,1
DA:22,3
DA:25,0
DA:26,0
DA:27,0
DA:31,1
DA:34,1
DA:35,3
DA:36,3
DA:38,2
DA:39,1
DA:40,2
DA:41,2
DA:42,0
DA:43,0
DA:45,0
DA:46,0
DA:47,0
DA:48,0
DA:49,0
DA:50,0
DA:51,0
DA:52,0
DA:53,0
DA:57,0
LF:29
LH:14
end_of_record
SF:lib\user_service.dart
DA:9,1
DA:10,3
DA:11,1
DA:12,1
DA:13,1
DA:17,4
DA:18,0
DA:19,0
DA:21,0
DA:23,0
DA:28,1
DA:30,2
DA:32,0
DA:33,0
DA:34,0
DA:36,0
DA:38,0
DA:39,0
DA:41,0
DA:42,0
DA:43,0
DA:45,0
DA:49,0
DA:53,0
DA:57,0
DA:58,0
DA:59,0
DA:60,0
DA:61,0
DA:62,0
LF:30
LH:8
end_of_record
SF:lib\user.dart
DA:8,0
DA:15,0
DA:16,0
DA:17,0
DA:18,0
DA:19,0
LF:6
LH:0
end_of_record
